=== Dependency Security Audit - Mon Sep  1 07:04:22 UTC 2025 ===
Current dependency security status:

# npm audit report

trim  <0.0.3
Severity: high
Regular Expression Denial of Service in trim - https://github.com/advisories/GHSA-w5p7-h5w8-2hfq
No fix available
node_modules/trim
  mdast-util-to-hast  <=6.0.2
  Depends on vulnerable versions of trim
  node_modules/decap-cms-widget-markdown/node_modules/mdast-util-to-hast
    remark-rehype  <=5.0.0
    Depends on vulnerable versions of mdast-util-to-hast
    node_modules/decap-cms-widget-markdown/node_modules/remark-rehype
  remark-parse  <=8.0.3
  Depends on vulnerable versions of trim
  node_modules/decap-cms-widget-markdown/node_modules/remark-parse
    decap-cms-widget-markdown  *
    Depends on vulnerable versions of remark-parse
    Depends on vulnerable versions of remark-rehype
    node_modules/decap-cms-widget-markdown
      decap-cms-app  *
      Depends on vulnerable versions of decap-cms-widget-markdown
      node_modules/decap-cms-app

6 high severity vulnerabilities

To address issues that do not require attention, run:
  npm audit fix

Some issues need review, and may require choosing
a different dependency.

=== Current Vulnerability Summary ===
Critical: 0
High: 6
Moderate: 0
Low: 0
Total: 6

=== Outdated Dependencies Check ===
Package                    Current   Wanted   Latest  Location                                Depended by
@supabase/ssr                0.6.1    0.6.1    0.7.0  node_modules/@supabase/ssr              LGFC-WEBAPP
@typescript-eslint/parser   6.21.0   6.21.0   8.41.0  node_modules/@typescript-eslint/parser  LGFC-WEBAPP
astro-eslint-parser         0.16.3   0.16.3    1.2.2  node_modules/astro-eslint-parser        LGFC-WEBAPP
eslint                      8.57.1   8.57.1   9.34.0  node_modules/eslint                     LGFC-WEBAPP
eslint-config-prettier       9.1.2    9.1.2   10.1.8  node_modules/eslint-config-prettier     LGFC-WEBAPP
eslint-plugin-astro         0.34.0   0.34.0    1.3.1  node_modules/eslint-plugin-astro        LGFC-WEBAPP
eslint-plugin-react-hooks    4.6.2    4.6.2    5.2.0  node_modules/eslint-plugin-react-hooks  LGFC-WEBAPP
lucide-react               0.536.0  0.536.0  0.542.0  node_modules/lucide-react               LGFC-WEBAPP
tailwindcss                 3.4.17   3.4.17   4.1.12  node_modules/tailwindcss                LGFC-WEBAPP
No outdated packages or error checking outdated packages

=== Applying Automatic Security Updates ===
npm WARN ERESOLVE overriding peer dependency
npm WARN While resolving: @reduxjs/toolkit@1.9.7
npm WARN Found: react@19.1.1
npm WARN node_modules/react
npm WARN   react@"^19.1.1" from the root project
npm WARN   59 more (@astrojs/react, @dnd-kit/accessibility, @dnd-kit/core, ...)
npm WARN 
npm WARN Could not resolve dependency:
npm WARN peerOptional react@"^16.9.0 || ^17.0.0 || ^18" from @reduxjs/toolkit@1.9.7
npm WARN node_modules/@reduxjs/toolkit
npm WARN   @reduxjs/toolkit@"^1.9.1" from decap-cms-core@3.8.1
npm WARN   node_modules/decap-cms-core
npm WARN 
npm WARN Conflicting peer dependency: react@18.3.1
npm WARN node_modules/react
npm WARN   peerOptional react@"^16.9.0 || ^17.0.0 || ^18" from @reduxjs/toolkit@1.9.7
npm WARN   node_modules/@reduxjs/toolkit
npm WARN     @reduxjs/toolkit@"^1.9.1" from decap-cms-core@3.8.1
npm WARN     node_modules/decap-cms-core
npm WARN ERESOLVE overriding peer dependency
npm WARN While resolving: decap-cms-ui-auth@3.2.3
npm WARN Found: react@19.1.1
npm WARN node_modules/react
npm WARN   react@"^19.1.1" from the root project
npm WARN   59 more (@astrojs/react, @dnd-kit/accessibility, @dnd-kit/core, ...)
npm WARN 
npm WARN Could not resolve dependency:
npm WARN peer react@"^18.2.0" from decap-cms-ui-auth@3.2.3
npm WARN node_modules/decap-cms-ui-auth
npm WARN   decap-cms-ui-auth@"^3.2.3" from decap-cms-app@3.8.3
npm WARN   node_modules/decap-cms-app
npm WARN   2 more (decap-cms-backend-aws-cognito-github-proxy, decap-cms-backend-git-gateway)
npm WARN 
npm WARN Conflicting peer dependency: react@18.3.1
npm WARN node_modules/react
npm WARN   peer react@"^18.2.0" from decap-cms-ui-auth@3.2.3
npm WARN   node_modules/decap-cms-ui-auth
npm WARN     decap-cms-ui-auth@"^3.2.3" from decap-cms-app@3.8.3
npm WARN     node_modules/decap-cms-app
npm WARN     2 more (decap-cms-backend-aws-cognito-github-proxy, decap-cms-backend-git-gateway)
npm WARN ERESOLVE overriding peer dependency
npm WARN While resolving: react-aria-menubutton@7.0.3
npm WARN Found: react@19.1.1
npm WARN node_modules/react
npm WARN   react@"^19.1.1" from the root project
npm WARN   59 more (@astrojs/react, @dnd-kit/accessibility, @dnd-kit/core, ...)
npm WARN 
npm WARN Could not resolve dependency:
npm WARN peer react@"^16.3.0 || ^17.0.0" from react-aria-menubutton@7.0.3
npm WARN node_modules/react-aria-menubutton
npm WARN   react-aria-menubutton@"^7.0.0" from decap-cms-ui-default@3.3.0
npm WARN   node_modules/decap-cms-ui-default
npm WARN 
npm WARN Conflicting peer dependency: react@17.0.2
npm WARN node_modules/react
npm WARN   peer react@"^16.3.0 || ^17.0.0" from react-aria-menubutton@7.0.3
npm WARN   node_modules/react-aria-menubutton
npm WARN     react-aria-menubutton@"^7.0.0" from decap-cms-ui-default@3.3.0
npm WARN     node_modules/decap-cms-ui-default
npm WARN ERESOLVE overriding peer dependency
npm WARN While resolving: react-codemirror2@7.3.0
npm WARN Found: react@19.1.1
npm WARN node_modules/react
npm WARN   react@"^19.1.1" from the root project
npm WARN   59 more (@astrojs/react, @dnd-kit/accessibility, @dnd-kit/core, ...)
npm WARN 
npm WARN Could not resolve dependency:
npm WARN peer react@">=15.5 <=17.x" from react-codemirror2@7.3.0
npm WARN node_modules/react-codemirror2
npm WARN   react-codemirror2@"^7.0.0" from decap-cms-widget-code@3.2.0
npm WARN   node_modules/decap-cms-widget-code
npm WARN 
npm WARN Conflicting peer dependency: react@17.0.2
npm WARN node_modules/react
npm WARN   peer react@">=15.5 <=17.x" from react-codemirror2@7.3.0
npm WARN   node_modules/react-codemirror2
npm WARN     react-codemirror2@"^7.0.0" from decap-cms-widget-code@3.2.0
npm WARN     node_modules/decap-cms-widget-code
npm WARN ERESOLVE overriding peer dependency
npm WARN While resolving: react-redux@7.2.9
npm WARN Found: react@19.1.1
npm WARN node_modules/react
npm WARN   react@"^19.1.1" from the root project
npm WARN   59 more (@astrojs/react, @dnd-kit/accessibility, @dnd-kit/core, ...)
npm WARN 
npm WARN Could not resolve dependency:
npm WARN peer react@"^16.8.3 || ^17 || ^18" from react-redux@7.2.9
npm WARN node_modules/react-redux
npm WARN   peerOptional react-redux@"^7.2.1 || ^8.0.2" from @reduxjs/toolkit@1.9.7
npm WARN   node_modules/@reduxjs/toolkit
npm WARN   1 more (decap-cms-core)
npm WARN 
npm WARN Conflicting peer dependency: react@18.3.1
npm WARN node_modules/react
npm WARN   peer react@"^16.8.3 || ^17 || ^18" from react-redux@7.2.9
npm WARN   node_modules/react-redux
npm WARN     peerOptional react-redux@"^7.2.1 || ^8.0.2" from @reduxjs/toolkit@1.9.7
npm WARN     node_modules/@reduxjs/toolkit
npm WARN     1 more (decap-cms-core)
npm WARN ERESOLVE overriding peer dependency
npm WARN While resolving: react-scroll-sync@0.11.3
npm WARN Found: react@19.1.1
npm WARN node_modules/react
npm WARN   react@"^19.1.1" from the root project
npm WARN   59 more (@astrojs/react, @dnd-kit/accessibility, @dnd-kit/core, ...)
npm WARN 
npm WARN Could not resolve dependency:
npm WARN peer react@"16.x || 17.x || 18.x" from react-scroll-sync@0.11.3
npm WARN node_modules/react-scroll-sync
npm WARN   react-scroll-sync@"^0.11.2" from decap-cms-core@3.8.1
npm WARN   node_modules/decap-cms-core
npm WARN 
npm WARN Conflicting peer dependency: react@18.3.1
npm WARN node_modules/react
npm WARN   peer react@"16.x || 17.x || 18.x" from react-scroll-sync@0.11.3
npm WARN   node_modules/react-scroll-sync
npm WARN     react-scroll-sync@"^0.11.2" from decap-cms-core@3.8.1
npm WARN     node_modules/decap-cms-core
npm WARN ERESOLVE overriding peer dependency
npm WARN While resolving: react-scroll-sync@0.11.3
npm WARN Found: react-dom@19.1.1
npm WARN node_modules/react-dom
npm WARN   react-dom@"^19.1.1" from the root project
npm WARN   13 more (@astrojs/react, @dnd-kit/core, decap-cms-app, ...)
npm WARN 
npm WARN Could not resolve dependency:
npm WARN peer react-dom@"16.x || 17.x || 18.x" from react-scroll-sync@0.11.3
npm WARN node_modules/react-scroll-sync
npm WARN   react-scroll-sync@"^0.11.2" from decap-cms-core@3.8.1
npm WARN   node_modules/decap-cms-core
npm WARN 
npm WARN Conflicting peer dependency: react-dom@18.3.1
npm WARN node_modules/react-dom
npm WARN   peer react-dom@"16.x || 17.x || 18.x" from react-scroll-sync@0.11.3
npm WARN   node_modules/react-scroll-sync
npm WARN     react-scroll-sync@"^0.11.2" from decap-cms-core@3.8.1
npm WARN     node_modules/decap-cms-core
npm WARN ERESOLVE overriding peer dependency
npm WARN While resolving: react-split-pane@0.1.92
npm WARN Found: react@19.1.1
npm WARN node_modules/react
npm WARN   react@"^19.1.1" from the root project
npm WARN   59 more (@astrojs/react, @dnd-kit/accessibility, @dnd-kit/core, ...)
npm WARN 
npm WARN Could not resolve dependency:
npm WARN peer react@"^16.0.0-0" from react-split-pane@0.1.92
npm WARN node_modules/react-split-pane
npm WARN   react-split-pane@"^0.1.85" from decap-cms-core@3.8.1
npm WARN   node_modules/decap-cms-core
npm WARN 
npm WARN Conflicting peer dependency: react@16.14.0
npm WARN node_modules/react
npm WARN   peer react@"^16.0.0-0" from react-split-pane@0.1.92
npm WARN   node_modules/react-split-pane
npm WARN     react-split-pane@"^0.1.85" from decap-cms-core@3.8.1
npm WARN     node_modules/decap-cms-core
npm WARN ERESOLVE overriding peer dependency
npm WARN While resolving: react-split-pane@0.1.92
npm WARN Found: react-dom@19.1.1
npm WARN node_modules/react-dom
npm WARN   react-dom@"^19.1.1" from the root project
npm WARN   13 more (@astrojs/react, @dnd-kit/core, decap-cms-app, ...)
npm WARN 
npm WARN Could not resolve dependency:
npm WARN peer react-dom@"^16.0.0-0" from react-split-pane@0.1.92
npm WARN node_modules/react-split-pane
npm WARN   react-split-pane@"^0.1.85" from decap-cms-core@3.8.1
npm WARN   node_modules/decap-cms-core
npm WARN 
npm WARN Conflicting peer dependency: react-dom@16.14.0
npm WARN node_modules/react-dom
npm WARN   peer react-dom@"^16.0.0-0" from react-split-pane@0.1.92
npm WARN   node_modules/react-split-pane
npm WARN     react-split-pane@"^0.1.85" from decap-cms-core@3.8.1
npm WARN     node_modules/decap-cms-core
npm WARN ERESOLVE overriding peer dependency
npm WARN While resolving: react-waypoint@10.3.0
npm WARN Found: react@19.1.1
npm WARN node_modules/react
npm WARN   react@"^19.1.1" from the root project
npm WARN   59 more (@astrojs/react, @dnd-kit/accessibility, @dnd-kit/core, ...)
npm WARN 
npm WARN Could not resolve dependency:
npm WARN peer react@"^15.3.0 || ^16.0.0 || ^17.0.0 || ^18.0.0" from react-waypoint@10.3.0
npm WARN node_modules/react-waypoint
npm WARN   react-waypoint@"^10.0.0" from decap-cms-core@3.8.1
npm WARN   node_modules/decap-cms-core
npm WARN 
npm WARN Conflicting peer dependency: react@18.3.1
npm WARN node_modules/react
npm WARN   peer react@"^15.3.0 || ^16.0.0 || ^17.0.0 || ^18.0.0" from react-waypoint@10.3.0
npm WARN   node_modules/react-waypoint
npm WARN     react-waypoint@"^10.0.0" from decap-cms-core@3.8.1
npm WARN     node_modules/decap-cms-core
npm WARN ERESOLVE overriding peer dependency
npm WARN While resolving: redux-notifications@4.0.1
npm WARN Found: react@19.1.1
npm WARN node_modules/react
npm WARN   react@"^19.1.1" from the root project
npm WARN   59 more (@astrojs/react, @dnd-kit/accessibility, @dnd-kit/core, ...)
npm WARN 
npm WARN Could not resolve dependency:
npm WARN peer react@"^0.14.0 || ^15.0.0-0 || ^15.4.0-0 || ^16.0.0-0" from redux-notifications@4.0.1
npm WARN node_modules/redux-notifications
npm WARN   redux-notifications@"^4.0.1" from decap-cms-core@3.8.1
npm WARN   node_modules/decap-cms-core
npm WARN 
npm WARN Conflicting peer dependency: react@16.14.0
npm WARN node_modules/react
npm WARN   peer react@"^0.14.0 || ^15.0.0-0 || ^15.4.0-0 || ^16.0.0-0" from redux-notifications@4.0.1
npm WARN   node_modules/redux-notifications
npm WARN     redux-notifications@"^4.0.1" from decap-cms-core@3.8.1
npm WARN     node_modules/decap-cms-core
npm WARN ERESOLVE overriding peer dependency
npm WARN While resolving: redux-notifications@4.0.1
npm WARN Found: react-dom@19.1.1
npm WARN node_modules/react-dom
npm WARN   react-dom@"^19.1.1" from the root project
npm WARN   13 more (@astrojs/react, @dnd-kit/core, decap-cms-app, ...)
npm WARN 
npm WARN Could not resolve dependency:
npm WARN peer react-dom@"^0.14.0 || ^15.0.0-0 || ^15.4.0-0 || ^16.0.0-0" from redux-notifications@4.0.1
npm WARN node_modules/redux-notifications
npm WARN   redux-notifications@"^4.0.1" from decap-cms-core@3.8.1
npm WARN   node_modules/decap-cms-core
npm WARN 
npm WARN Conflicting peer dependency: react-dom@16.14.0
npm WARN node_modules/react-dom
npm WARN   peer react-dom@"^0.14.0 || ^15.0.0-0 || ^15.4.0-0 || ^16.0.0-0" from redux-notifications@4.0.1
npm WARN   node_modules/redux-notifications
npm WARN     redux-notifications@"^4.0.1" from decap-cms-core@3.8.1
npm WARN     node_modules/decap-cms-core
npm WARN ERESOLVE overriding peer dependency
npm WARN While resolving: slate-base64-serializer@0.2.115
npm WARN Found: slate@0.91.4
npm WARN node_modules/slate
npm WARN   slate@"^0.91.1" from decap-cms-widget-markdown@3.5.0
npm WARN   node_modules/decap-cms-widget-markdown
npm WARN     decap-cms-widget-markdown@"^3.5.0" from decap-cms-app@3.8.3
npm WARN     node_modules/decap-cms-app
npm WARN   4 more (slate-history, slate-hyperscript, slate-react, slate-soft-break)
npm WARN 
npm WARN Could not resolve dependency:
npm WARN peer slate@">=0.32.0 <0.50.0" from slate-base64-serializer@0.2.115
npm WARN node_modules/slate-base64-serializer
npm WARN   slate-base64-serializer@"^0.2.107" from decap-cms-widget-markdown@3.5.0
npm WARN   node_modules/decap-cms-widget-markdown
npm WARN 
npm WARN Conflicting peer dependency: slate@0.47.9
npm WARN node_modules/slate
npm WARN   peer slate@">=0.32.0 <0.50.0" from slate-base64-serializer@0.2.115
npm WARN   node_modules/slate-base64-serializer
npm WARN     slate-base64-serializer@"^0.2.107" from decap-cms-widget-markdown@3.5.0
npm WARN     node_modules/decap-cms-widget-markdown
npm WARN ERESOLVE overriding peer dependency
npm WARN While resolving: slate-plain-serializer@0.7.13
npm WARN Found: slate@0.91.4
npm WARN node_modules/slate
npm WARN   slate@"^0.91.1" from decap-cms-widget-markdown@3.5.0
npm WARN   node_modules/decap-cms-widget-markdown
npm WARN     decap-cms-widget-markdown@"^3.5.0" from decap-cms-app@3.8.3
npm WARN     node_modules/decap-cms-app
npm WARN   4 more (slate-history, slate-hyperscript, slate-react, slate-soft-break)
npm WARN 
npm WARN Could not resolve dependency:
npm WARN peer slate@">=0.46.0 <0.50.0" from slate-plain-serializer@0.7.13
npm WARN node_modules/slate-plain-serializer
npm WARN   slate-plain-serializer@"^0.7.1" from decap-cms-widget-markdown@3.5.0
npm WARN   node_modules/decap-cms-widget-markdown
npm WARN 
npm WARN Conflicting peer dependency: slate@0.47.9
npm WARN node_modules/slate
npm WARN   peer slate@">=0.46.0 <0.50.0" from slate-plain-serializer@0.7.13
npm WARN   node_modules/slate-plain-serializer
npm WARN     slate-plain-serializer@"^0.7.1" from decap-cms-widget-markdown@3.5.0
npm WARN     node_modules/decap-cms-widget-markdown
npm WARN ERESOLVE overriding peer dependency
npm WARN While resolving: react-redux@4.4.10
npm WARN Found: react@19.1.1
npm WARN node_modules/react
npm WARN   react@"^19.1.1" from the root project
npm WARN   59 more (@astrojs/react, @dnd-kit/accessibility, @dnd-kit/core, ...)
npm WARN 
npm WARN Could not resolve dependency:
npm WARN peer react@"^0.14.0 || ^15.0.0-0 || ^15.4.0-0 || ^16.0.0-0" from react-redux@4.4.10
npm WARN node_modules/redux-notifications/node_modules/react-redux
npm WARN   react-redux@"^4.0.0" from redux-notifications@4.0.1
npm WARN   node_modules/redux-notifications
npm WARN 
npm WARN Conflicting peer dependency: react@16.14.0
npm WARN node_modules/react
npm WARN   peer react@"^0.14.0 || ^15.0.0-0 || ^15.4.0-0 || ^16.0.0-0" from react-redux@4.4.10
npm WARN   node_modules/redux-notifications/node_modules/react-redux
npm WARN     react-redux@"^4.0.0" from redux-notifications@4.0.1
npm WARN     node_modules/redux-notifications
npm WARN ERESOLVE overriding peer dependency
npm WARN While resolving: react-transition-group@1.2.1
npm WARN Found: react@19.1.1
npm WARN node_modules/react
npm WARN   react@"^19.1.1" from the root project
npm WARN   59 more (@astrojs/react, @dnd-kit/accessibility, @dnd-kit/core, ...)
npm WARN 
npm WARN Could not resolve dependency:
npm WARN peer react@"^15.0.0 || ^16.0.0" from react-transition-group@1.2.1
npm WARN node_modules/redux-notifications/node_modules/react-transition-group
npm WARN   react-transition-group@"^1.1.3" from redux-notifications@4.0.1
npm WARN   node_modules/redux-notifications
npm WARN 
npm WARN Conflicting peer dependency: react@16.14.0
npm WARN node_modules/react
npm WARN   peer react@"^15.0.0 || ^16.0.0" from react-transition-group@1.2.1
npm WARN   node_modules/redux-notifications/node_modules/react-transition-group
npm WARN     react-transition-group@"^1.1.3" from redux-notifications@4.0.1
npm WARN     node_modules/redux-notifications
npm WARN ERESOLVE overriding peer dependency
npm WARN While resolving: react-transition-group@1.2.1
npm WARN Found: react-dom@19.1.1
npm WARN node_modules/react-dom
npm WARN   react-dom@"^19.1.1" from the root project
npm WARN   13 more (@astrojs/react, @dnd-kit/core, decap-cms-app, ...)
npm WARN 
npm WARN Could not resolve dependency:
npm WARN peer react-dom@"^15.0.0 || ^16.0.0" from react-transition-group@1.2.1
npm WARN node_modules/redux-notifications/node_modules/react-transition-group
npm WARN   react-transition-group@"^1.1.3" from redux-notifications@4.0.1
npm WARN   node_modules/redux-notifications
npm WARN 
npm WARN Conflicting peer dependency: react-dom@16.14.0
npm WARN node_modules/react-dom
npm WARN   peer react-dom@"^15.0.0 || ^16.0.0" from react-transition-group@1.2.1
npm WARN   node_modules/redux-notifications/node_modules/react-transition-group
npm WARN     react-transition-group@"^1.1.3" from redux-notifications@4.0.1
npm WARN     node_modules/redux-notifications
npm WARN EBADENGINE Unsupported engine {
npm WARN EBADENGINE   package: 'cheerio@1.1.2',
npm WARN EBADENGINE   required: { node: '>=20.18.1' },
npm WARN EBADENGINE   current: { node: 'v20.11.1', npm: '10.2.4' }
npm WARN EBADENGINE }
npm WARN EBADENGINE Unsupported engine {
npm WARN EBADENGINE   package: 'undici@7.15.0',
npm WARN EBADENGINE   required: { node: '>=20.18.1' },
npm WARN EBADENGINE   current: { node: 'v20.11.1', npm: '10.2.4' }
npm WARN EBADENGINE }
npm WARN EBADENGINE Unsupported engine {
npm WARN EBADENGINE   package: 'vite@7.1.3',
npm WARN EBADENGINE   required: { node: '^20.19.0 || >=22.12.0' },
npm WARN EBADENGINE   current: { node: 'v20.11.1', npm: '10.2.4' }
npm WARN EBADENGINE }

added 84 packages, and audited 1507 packages in 2s

446 packages are looking for funding
  run `npm fund` for details

# npm audit report

trim  <0.0.3
Severity: high
Regular Expression Denial of Service in trim - https://github.com/advisories/GHSA-w5p7-h5w8-2hfq
No fix available
node_modules/trim
  mdast-util-to-hast  <=6.0.2
  Depends on vulnerable versions of trim
  node_modules/decap-cms-widget-markdown/node_modules/mdast-util-to-hast
    remark-rehype  <=5.0.0
    Depends on vulnerable versions of mdast-util-to-hast
    node_modules/decap-cms-widget-markdown/node_modules/remark-rehype
  remark-parse  <=8.0.3
  Depends on vulnerable versions of trim
  node_modules/decap-cms-widget-markdown/node_modules/remark-parse
    decap-cms-widget-markdown  *
    Depends on vulnerable versions of remark-parse
    Depends on vulnerable versions of remark-rehype
    node_modules/decap-cms-widget-markdown
      decap-cms-app  *
      Depends on vulnerable versions of decap-cms-widget-markdown
      node_modules/decap-cms-app

6 high severity vulnerabilities

To address issues that do not require attention, run:
  npm audit fix

Some issues need review, and may require choosing
a different dependency.
No automatic fixes available
⚠️ No automatic fixes could be applied

=== Development Dependencies Update ===
Checking eslint for updates...
Current eslint version: 8.57.1
eslint is up to date
Checking prettier for updates...
Current prettier version: 3.6.2
Update available for prettier
Checking jest for updates...
Current jest version: 30.1.2
Update available for jest
Checking @typescript-eslint/parser for updates...
Current @typescript-eslint/parser version: 6.21.0
@typescript-eslint/parser is up to date
Checking eslint-plugin-astro for updates...
Current eslint-plugin-astro version: 0.34.0
eslint-plugin-astro is up to date
Checking eslint-plugin-react for updates...
Current eslint-plugin-react version: 7.37.5
Update available for eslint-plugin-react

=== Security Audit Summary ===
Audit Date: Mon Sep  1 07:04:47 UTC 2025
Repository: wdhunter645/LGFC-WEBAPP

⚠️ No security updates were applied
✅ All tests and builds passed

Current vulnerability status:
- Critical vulnerabilities: 0
- High vulnerabilities: 6
- Total vulnerabilities: 6
